
/home/ubuntu/temp/nsih.elf:     file format elf32-littlearm

Sections:
Idx Name          Size      VMA       LMA       File off  Algn
  0 .text         000001e8  00000000  00000000  00010000  2**2
                  CONTENTS, ALLOC, LOAD, READONLY, CODE
  1 .marker       00000004  000001fc  000001fc  000101fc  2**0
                  CONTENTS, ALLOC, LOAD, DATA
  2 .ARM.attributes 00000014  00000000  00000000  00010200  2**0
                  CONTENTS, READONLY

Disassembly of section .text:

00000000 <_start>:
   0:	ea000015 	b	5c <reset1>
   4:	ea00003c 	b	fc <reset2>
   8:	ea00003b 	b	fc <reset2>
   c:	ea00003a 	b	fc <reset2>
  10:	ea000039 	b	fc <reset2>
  14:	ea000038 	b	fc <reset2>
  18:	ea000037 	b	fc <reset2>
  1c:	ea000036 	b	fc <reset2>
	...
  48:	ffff0000 	.word	0xffff0000
  4c:	ffff0000 	.word	0xffff0000
	...

0000005c <reset1>:
  5c:	e3010000 	movw	r0, #4096	; 0x1000
  60:	e34c0001 	movt	r0, #49153	; 0xc001
  64:	e30c1080 	movw	r1, #49280	; 0xc080
  68:	e3431fff 	movt	r1, #16383	; 0x3fff
  6c:	e3002000 	movw	r2, #0
  70:	e3402000 	movt	r2, #0
  74:	e5801140 	str	r1, [r0, #320]	; 0x140
  78:	e5802144 	str	r2, [r0, #324]	; 0x144
  7c:	e5801148 	str	r1, [r0, #328]	; 0x148
  80:	e580214c 	str	r2, [r0, #332]	; 0x14c
  84:	e5801150 	str	r1, [r0, #336]	; 0x150
  88:	e5802154 	str	r2, [r0, #340]	; 0x154
  8c:	e5801158 	str	r1, [r0, #344]	; 0x158
  90:	e580215c 	str	r2, [r0, #348]	; 0x15c
  94:	e5801184 	str	r1, [r0, #388]	; 0x184
  98:	e5802188 	str	r2, [r0, #392]	; 0x188
  9c:	e580118c 	str	r1, [r0, #396]	; 0x18c
  a0:	e5802190 	str	r2, [r0, #400]	; 0x190
  a4:	e5801194 	str	r1, [r0, #404]	; 0x194
  a8:	e5802198 	str	r2, [r0, #408]	; 0x198
  ac:	e580119c 	str	r1, [r0, #412]	; 0x19c
  b0:	e58021a0 	str	r2, [r0, #416]	; 0x1a0
  b4:	e590113c 	ldr	r1, [r0, #316]	; 0x13c
  b8:	e3811a0f 	orr	r1, r1, #61440	; 0xf000
  bc:	e580113c 	str	r1, [r0, #316]	; 0x13c
  c0:	e5901180 	ldr	r1, [r0, #384]	; 0x180
  c4:	e38110f0 	orr	r1, r1, #240	; 0xf0
  c8:	e5801180 	str	r1, [r0, #384]	; 0x180
  cc:	e5901138 	ldr	r1, [r0, #312]	; 0x138
  d0:	e381160f 	orr	r1, r1, #15728640	; 0xf00000
  d4:	e5801138 	str	r1, [r0, #312]	; 0x138
  d8:	e590117c 	ldr	r1, [r0, #380]	; 0x17c
  dc:	e3811a0f 	orr	r1, r1, #61440	; 0xf000
  e0:	e580117c 	str	r1, [r0, #380]	; 0x17c
  e4:	e3000000 	movw	r0, #0
  e8:	e34c0001 	movt	r0, #49153	; 0xc001
  ec:	e59012ac 	ldr	r1, [r0, #684]	; 0x2ac
  f0:	e3811001 	orr	r1, r1, #1
  f4:	e58012ac 	str	r1, [r0, #684]	; 0x2ac
  f8:	e320f003 	wfi

000000fc <reset2>:
  fc:	e30b0000 	movw	r0, #45056	; 0xb000
 100:	e34c0001 	movt	r0, #49153	; 0xc001
 104:	e5901020 	ldr	r1, [r0, #32]
 108:	e3c11403 	bic	r1, r1, #50331648	; 0x3000000
 10c:	e3811402 	orr	r1, r1, #33554432	; 0x2000000
 110:	e5801020 	str	r1, [r0, #32]
 114:	e5901000 	ldr	r1, [r0]
 118:	e3811a01 	orr	r1, r1, #4096	; 0x1000
 11c:	e5801000 	str	r1, [r0]
 120:	e5901004 	ldr	r1, [r0, #4]
 124:	e3811a01 	orr	r1, r1, #4096	; 0x1000
 128:	e5801004 	str	r1, [r0, #4]
 12c:	eafffffe 	b	12c <reset2+0x30>

00000130 <mssg>:
 130:	73696854 	.word	0x73696854
 134:	20736920 	.word	0x20736920
 138:	6f622061 	.word	0x6f622061
 13c:	6820746f 	.word	0x6820746f
 140:	65646165 	.word	0x65646165
 144:	6f662072 	.word	0x6f662072
 148:	654e2072 	.word	0x654e2072
 14c:	6c6c6578 	.word	0x6c6c6578
 150:	50355320 	.word	0x50355320
 154:	38313836 	.word	0x38313836
 158:	74697720 	.word	0x74697720
 15c:	20612068 	.word	0x20612068
 160:	706d6973 	.word	0x706d6973
 164:	7020656c 	.word	0x7020656c
 168:	6f6c6572 	.word	0x6f6c6572
 16c:	72656461 	.word	0x72656461
 170:	5043202e 	.word	0x5043202e
 174:	77203055 	.word	0x77203055
 178:	206c6c69 	.word	0x206c6c69
 17c:	74697773 	.word	0x74697773
 180:	74206863 	.word	0x74206863
 184:	4141206f 	.word	0x4141206f
 188:	36686372 	.word	0x36686372
 18c:	49202e34 	.word	0x49202e34
 190:	78652066 	.word	0x78652066
 194:	74706563 	.word	0x74706563
 198:	736e6f69 	.word	0x736e6f69
 19c:	63636f20 	.word	0x63636f20
 1a0:	69207275 	.word	0x69207275
 1a4:	4141206e 	.word	0x4141206e
 1a8:	33686372 	.word	0x33686372
 1ac:	6f6d2032 	.word	0x6f6d2032
 1b0:	77206564 	.word	0x77206564
 1b4:	6f687469 	.word	0x6f687469
 1b8:	73207475 	.word	0x73207475
 1bc:	69747465 	.word	0x69747465
 1c0:	5620676e 	.word	0x5620676e
 1c4:	2c524142 	.word	0x2c524142
 1c8:	55504320 	.word	0x55504320
 1cc:	6c697720 	.word	0x6c697720
 1d0:	7264206c 	.word	0x7264206c
 1d4:	6920706f 	.word	0x6920706f
 1d8:	6564206e 	.word	0x6564206e
 1dc:	6c206461 	.word	0x6c206461
 1e0:	2e706f6f 	.word	0x2e706f6f
 1e4:	20          	.byte	0x20
 1e5:	00          	.byte	0x00
	...
